<?xml version="1.0" encoding="UTF-8"?>
<!-- Generated by org.testng.reporters.JUnitXMLReporter -->
<testsuite ignored="3" hostname="DESKTOP-8E5A9CN" failures="0" tests="1" name="Default test" time="16.868" errors="0" timestamp="2023-03-24T21:17:12 IST">
  <testcase classname="com.actitime.qa.testcases.LoginPageTest" name="verifyForgotPwdLink" time="0.07"/>
  <testcase classname="com.actitime.qa.testcases.LoginPageTest" name="loginPageLoginTest" time="0.0">
    <ignored/>
  </testcase> <!-- loginPageLoginTest -->
  <testcase classname="com.actitime.qa.testcases.LoginPageTest" name="loginPageLogoTest" time="0.0">
    <ignored/>
  </testcase> <!-- loginPageLogoTest -->
  <testcase classname="com.actitime.qa.testcases.LoginPageTest" name="loginPageTitleTest" time="0.0">
    <ignored/>
  </testcase> <!-- loginPageTitleTest -->
</testsuite> <!-- Default test -->
