<?xml version="1.0" encoding="UTF-8"?>
<!-- Generated by org.testng.reporters.JUnitXMLReporter -->
<testsuite ignored="0" hostname="DESKTOP-8E5A9CN" failures="0" tests="3" name="Default test" time="29.934" errors="0" timestamp="2023-03-24T19:22:53 IST">
  <testcase classname="com.actitime.qa.testcases.LoginPageTest" name="loginPageLoginTest" time="0.435"/>
  <testcase classname="com.actitime.qa.testcases.LoginPageTest" name="loginPageLogoTest" time="0.075"/>
  <testcase classname="com.actitime.qa.testcases.LoginPageTest" name="loginPageTitleTest" time="0.011"/>
</testsuite> <!-- Default test -->
