<?xml version="1.0" encoding="UTF-8"?>
<testng-results ignored="0" total="3" passed="3" failed="0" skipped="0">
  <reporter-output>
  </reporter-output>
  <suite started-at="2023-03-24T19:22:23 IST" name="Default suite" finished-at="2023-03-24T19:22:53 IST" duration-ms="29934">
    <groups>
    </groups>
    <test started-at="2023-03-24T19:22:23 IST" name="Default test" finished-at="2023-03-24T19:22:53 IST" duration-ms="29934">
      <class name="com.actitime.qa.testcases.LoginPageTest">
        <test-method is-config="true" signature="setUp()[pri:0, instance:com.actitime.qa.testcases.LoginPageTest@121314f7]" started-at="2023-03-24T19:22:24 IST" name="setUp" finished-at="2023-03-24T19:22:34 IST" duration-ms="10681" status="PASS">
          <reporter-output>
          </reporter-output>
        </test-method> <!-- setUp -->
        <test-method signature="loginPageLoginTest()[pri:0, instance:com.actitime.qa.testcases.LoginPageTest@121314f7]" started-at="2023-03-24T19:22:34 IST" name="loginPageLoginTest" finished-at="2023-03-24T19:22:35 IST" duration-ms="435" status="PASS">
          <reporter-output>
          </reporter-output>
        </test-method> <!-- loginPageLoginTest -->
        <test-method is-config="true" signature="tearDown()[pri:0, instance:com.actitime.qa.testcases.LoginPageTest@121314f7]" started-at="2023-03-24T19:22:35 IST" name="tearDown" finished-at="2023-03-24T19:22:35 IST" duration-ms="191" status="PASS">
          <reporter-output>
          </reporter-output>
        </test-method> <!-- tearDown -->
        <test-method is-config="true" signature="setUp()[pri:0, instance:com.actitime.qa.testcases.LoginPageTest@121314f7]" started-at="2023-03-24T19:22:35 IST" name="setUp" finished-at="2023-03-24T19:22:44 IST" duration-ms="9009" status="PASS">
          <reporter-output>
          </reporter-output>
        </test-method> <!-- setUp -->
        <test-method signature="loginPageLogoTest()[pri:0, instance:com.actitime.qa.testcases.LoginPageTest@121314f7]" started-at="2023-03-24T19:22:44 IST" name="loginPageLogoTest" finished-at="2023-03-24T19:22:44 IST" duration-ms="75" status="PASS">
          <reporter-output>
          </reporter-output>
        </test-method> <!-- loginPageLogoTest -->
        <test-method is-config="true" signature="tearDown()[pri:0, instance:com.actitime.qa.testcases.LoginPageTest@121314f7]" started-at="2023-03-24T19:22:44 IST" name="tearDown" finished-at="2023-03-24T19:22:44 IST" duration-ms="253" status="PASS">
          <reporter-output>
          </reporter-output>
        </test-method> <!-- tearDown -->
        <test-method is-config="true" signature="setUp()[pri:0, instance:com.actitime.qa.testcases.LoginPageTest@121314f7]" started-at="2023-03-24T19:22:44 IST" name="setUp" finished-at="2023-03-24T19:22:53 IST" duration-ms="8655" status="PASS">
          <reporter-output>
          </reporter-output>
        </test-method> <!-- setUp -->
        <test-method signature="loginPageTitleTest()[pri:0, instance:com.actitime.qa.testcases.LoginPageTest@121314f7]" started-at="2023-03-24T19:22:53 IST" name="loginPageTitleTest" finished-at="2023-03-24T19:22:53 IST" duration-ms="11" status="PASS">
          <reporter-output>
          </reporter-output>
        </test-method> <!-- loginPageTitleTest -->
        <test-method is-config="true" signature="tearDown()[pri:0, instance:com.actitime.qa.testcases.LoginPageTest@121314f7]" started-at="2023-03-24T19:22:53 IST" name="tearDown" finished-at="2023-03-24T19:22:53 IST" duration-ms="528" status="PASS">
          <reporter-output>
          </reporter-output>
        </test-method> <!-- tearDown -->
      </class> <!-- com.actitime.qa.testcases.LoginPageTest -->
    </test> <!-- Default test -->
  </suite> <!-- Default suite -->
</testng-results>
