<?xml version="1.0" encoding="UTF-8"?>
<testng-results ignored="3" total="4" passed="1" failed="0" skipped="0">
  <reporter-output>
  </reporter-output>
  <suite started-at="2023-03-24T21:16:56 IST" name="Default suite" finished-at="2023-03-24T21:17:12 IST" duration-ms="16868">
    <groups>
    </groups>
    <test started-at="2023-03-24T21:16:56 IST" name="Default test" finished-at="2023-03-24T21:17:12 IST" duration-ms="16868">
      <class name="com.actitime.qa.testcases.LoginPageTest">
        <test-method is-config="true" signature="setUp()[pri:0, instance:com.actitime.qa.testcases.LoginPageTest@a38c7fe]" started-at="2023-03-24T21:16:56 IST" name="setUp" finished-at="2023-03-24T21:17:12 IST" duration-ms="16514" status="PASS">
          <reporter-output>
          </reporter-output>
        </test-method> <!-- setUp -->
        <test-method signature="verifyForgotPwdLink()[pri:0, instance:com.actitime.qa.testcases.LoginPageTest@a38c7fe]" started-at="2023-03-24T21:17:12 IST" name="verifyForgotPwdLink" finished-at="2023-03-24T21:17:12 IST" duration-ms="70" status="PASS">
          <reporter-output>
          </reporter-output>
        </test-method> <!-- verifyForgotPwdLink -->
        <test-method is-config="true" signature="tearDown()[pri:0, instance:com.actitime.qa.testcases.LoginPageTest@a38c7fe]" started-at="2023-03-24T21:17:12 IST" name="tearDown" finished-at="2023-03-24T21:17:12 IST" duration-ms="203" status="PASS">
          <reporter-output>
          </reporter-output>
        </test-method> <!-- tearDown -->
      </class> <!-- com.actitime.qa.testcases.LoginPageTest -->
    </test> <!-- Default test -->
  </suite> <!-- Default suite -->
</testng-results>
